[debug] [2024-01-11T17:06:41.806Z] ----------------------------------------------------------------------
[debug] [2024-01-11T17:06:41.808Z] Command:       C:\Program Files\nodejs\node.exe C:\Users\Hsin\AppData\Roaming\npm\node_modules\firebase-tools\lib\bin\firebase.js init
[debug] [2024-01-11T17:06:41.809Z] CLI Version:   13.0.2
[debug] [2024-01-11T17:06:41.809Z] Platform:      win32
[debug] [2024-01-11T17:06:41.809Z] Node Version:  v20.9.0
[debug] [2024-01-11T17:06:41.809Z] Time:          Fri Jan 12 2024 01:06:41 GMT+0800 (Taipei Standard Time)
[debug] [2024-01-11T17:06:41.809Z] ----------------------------------------------------------------------
[debug] 
[debug] [2024-01-11T17:06:41.812Z] >>> [apiv2][query] GET https://firebase-public.firebaseio.com/cli.json [none]
[debug] [2024-01-11T17:06:41.868Z] > command requires scopes: ["email","openid","https://www.googleapis.com/auth/cloudplatformprojects.readonly","https://www.googleapis.com/auth/firebase","https://www.googleapis.com/auth/cloud-platform"]
[debug] [2024-01-11T17:06:41.869Z] > authorizing via signed-in user (hsin.cheng.tw1@gmail.com)
[info] 
     ######## #### ########  ######## ########     ###     ######  ########
     ##        ##  ##     ## ##       ##     ##  ##   ##  ##       ##
     ######    ##  ########  ######   ########  #########  ######  ######
     ##        ##  ##    ##  ##       ##     ## ##     ##       ## ##
     ##       #### ##     ## ######## ########  ##     ##  ######  ########

You're about to initialize a Firebase project in this directory:

  C:\y\Wefari_web\wefari-web-app

Before we get started, keep in mind:

  * You are currently outside your home directory

[debug] [2024-01-11T17:06:42.372Z] <<< [apiv2][status] GET https://firebase-public.firebaseio.com/cli.json 200
[debug] [2024-01-11T17:06:42.374Z] <<< [apiv2][body] GET https://firebase-public.firebaseio.com/cli.json {"cloudBuildErrorAfter":1594252800000,"cloudBuildWarnAfter":1590019200000,"defaultNode10After":1594252800000,"minVersion":"3.0.5","node8DeploysDisabledAfter":1613390400000,"node8RuntimeDisabledAfter":1615809600000,"node8WarnAfter":1600128000000}
